<?xml version="1.0" encoding="UTF-8"?>
<!-- Generated by org.testng.reporters.JUnitReportReporter -->
<testsuite skipped="0" hostname="Abdul" name="com.seldemod.selenium.SelDemo" tests="2" failures="0" timestamp="04 Sep 2018 11:08:24 GMT" time="0.020" errors="0">
  <testcase name="testCase1" time="0.015" classname="com.seldemod.selenium.SelDemo"/>
  <testcase name="testCase2" time="0.005" classname="com.seldemod.selenium.SelDemo"/>
</testsuite> <!-- com.seldemod.selenium.SelDemo -->
